<?xml version="1.0" encoding="UTF-8"?>
<!-- Generated by org.testng.reporters.JUnitXMLReporter -->
<testsuite hostname="DESKTOP-27L8JE7" ignored="0" name="Test" tests="1" failures="1" timestamp="2020-06-17T15:40:32 IST" time="12.101" errors="0">
  <testcase name="test" time="2.523" classname="com.project.MavenProject3PMBatch.TC_003">
    <failure type="java.lang.AssertionError" message="The following asserts failed:
	Links are not equal... expected [true] but found [false],
	error1 expected [true] but found [false],
	error3 expected [true] but found [false]">
      <![CDATA[java.lang.AssertionError: The following asserts failed:
Links are not equal... expected [true] but found [false],
error1 expected [true] but found [false],
error3 expected [true] but found [false]
at com.project.MavenProject3PMBatch.TC_003.test(TC_003.java:45)
at java.util.ArrayList.forEach(Unknown Source)
... Removed 29 stack frames]]>
    </failure>
  </testcase> <!-- test -->
</testsuite> <!-- Test -->
